Performing C SOURCE FILE Test CMAKE_HAVE_LIBC_PTHREAD failed with the following output:
Change Dir: /root/Desktop/WorkSpace/slambook2/ch13/build/CMakeFiles/CMakeScratch/TryCompile-zvJzZL

Run Build Command(s):/usr/bin/make -f Makefile cmTC_a6d5b/fast && /usr/bin/make  -f CMakeFiles/cmTC_a6d5b.dir/build.make CMakeFiles/cmTC_a6d5b.dir/build
make[1]: Entering directory '/root/Desktop/WorkSpace/slambook2/ch13/build/CMakeFiles/CMakeScratch/TryCompile-zvJzZL'
Building C object CMakeFiles/cmTC_a6d5b.dir/src.c.o
/usr/bin/cc -DCMAKE_HAVE_LIBC_PTHREAD   -o CMakeFiles/cmTC_a6d5b.dir/src.c.o -c /root/Desktop/WorkSpace/slambook2/ch13/build/CMakeFiles/CMakeScratch/TryCompile-zvJzZL/src.c
Linking C executable cmTC_a6d5b
/opt/cmake-3.25.2-linux-x86_64/bin/cmake -E cmake_link_script CMakeFiles/cmTC_a6d5b.dir/link.txt --verbose=1
/usr/bin/cc -rdynamic CMakeFiles/cmTC_a6d5b.dir/src.c.o -o cmTC_a6d5b 
/usr/bin/ld: CMakeFiles/cmTC_a6d5b.dir/src.c.o: in function `main':
src.c:(.text+0x46): undefined reference to `pthread_create'
/usr/bin/ld: src.c:(.text+0x52): undefined reference to `pthread_detach'
/usr/bin/ld: src.c:(.text+0x5e): undefined reference to `pthread_cancel'
/usr/bin/ld: src.c:(.text+0x6f): undefined reference to `pthread_join'
collect2: error: ld returned 1 exit status
make[1]: *** [CMakeFiles/cmTC_a6d5b.dir/build.make:99: cmTC_a6d5b] Error 1
make[1]: Leaving directory '/root/Desktop/WorkSpace/slambook2/ch13/build/CMakeFiles/CMakeScratch/TryCompile-zvJzZL'
make: *** [Makefile:127: cmTC_a6d5b/fast] Error 2


Source file was:
#include <pthread.h>

static void* test_func(void* data)
{
  return data;
}

int main(void)
{
  pthread_t thread;
  pthread_create(&thread, NULL, test_func, NULL);
  pthread_detach(thread);
  pthread_cancel(thread);
  pthread_join(thread, NULL);
  pthread_atfork(NULL, NULL, NULL);
  pthread_exit(NULL);

  return 0;
}


Determining if the function pthread_create exists in the pthreads failed with the following output:
Change Dir: /root/Desktop/WorkSpace/slambook2/ch13/build/CMakeFiles/CMakeScratch/TryCompile-w6ijSK

Run Build Command(s):/usr/bin/make -f Makefile cmTC_4c764/fast && /usr/bin/make  -f CMakeFiles/cmTC_4c764.dir/build.make CMakeFiles/cmTC_4c764.dir/build
make[1]: Entering directory '/root/Desktop/WorkSpace/slambook2/ch13/build/CMakeFiles/CMakeScratch/TryCompile-w6ijSK'
Building C object CMakeFiles/cmTC_4c764.dir/CheckFunctionExists.c.o
/usr/bin/cc   -DCHECK_FUNCTION_EXISTS=pthread_create -o CMakeFiles/cmTC_4c764.dir/CheckFunctionExists.c.o -c /root/Desktop/WorkSpace/slambook2/ch13/build/CMakeFiles/CMakeScratch/TryCompile-w6ijSK/CheckFunctionExists.c
Linking C executable cmTC_4c764
/opt/cmake-3.25.2-linux-x86_64/bin/cmake -E cmake_link_script CMakeFiles/cmTC_4c764.dir/link.txt --verbose=1
/usr/bin/cc  -DCHECK_FUNCTION_EXISTS=pthread_create -rdynamic CMakeFiles/cmTC_4c764.dir/CheckFunctionExists.c.o -o cmTC_4c764  -lpthreads 
/usr/bin/ld: cannot find -lpthreads
collect2: error: ld returned 1 exit status
make[1]: *** [CMakeFiles/cmTC_4c764.dir/build.make:99: cmTC_4c764] Error 1
make[1]: Leaving directory '/root/Desktop/WorkSpace/slambook2/ch13/build/CMakeFiles/CMakeScratch/TryCompile-w6ijSK'
make: *** [Makefile:127: cmTC_4c764/fast] Error 2



